<?xml version="1.0" encoding="UTF-8"?>
<testsuite name="PhoneBookTest" tests="1" skipped="0" failures="0" errors="0" timestamp="2020-07-28T17:43:29" hostname="DESKTOP-IQF4QER" time="123.757">
  <properties/>
  <testcase name="start" classname="PhoneBookTest" time="123.757"/>
  <system-out><![CDATA[?[1;31m
Start test 1?[0m
Start searching (linear search)...
Found 500 / 500 entries. Time taken: 0 min. 1 sec. 544 ms.

Start searching (bubble sort + jump search)...
Found 500 / 500 entries. Time taken: 0 min. 16 sec. 961 ms.
Sorting time: 0 min. 15 sec. 464 ms. - STOPPED, moved to linear search
Searching time: 0 min. 1 sec. 497 ms.

Start searching (quick sort + binary search)...
Found 500 / 500 entries. Time taken: 1 min. 39 sec. 290 ms.
Sorting time: 0 min. 16 sec. 119 ms.
Searching time: 1 min. 23 sec. 171 ms.Start searching (hash table)...
Found 500 / 500 entries. Time taken: 0 min. 4 sec. 780 ms.
Creating time: 0 min. 0 sec. 64 ms.
Searching time: 0 min. 4 sec. 716 ms.]]></system-out>
  <system-err><![CDATA[]]></system-err>
</testsuite>
